2025-05-08 21:49:10,856:WARNING:
'cuml' is a soft dependency and not included in the pycaret installation. Please run: `pip install cuml` to install.
2025-05-08 21:49:10,856:WARNING:
'cuml' is a soft dependency and not included in the pycaret installation. Please run: `pip install cuml` to install.
2025-05-08 21:49:10,857:WARNING:
'cuml' is a soft dependency and not included in the pycaret installation. Please run: `pip install cuml` to install.
2025-05-08 21:49:10,857:WARNING:
'cuml' is a soft dependency and not included in the pycaret installation. Please run: `pip install cuml` to install.
2025-05-08 21:50:07,219:WARNING:
'cuml' is a soft dependency and not included in the pycaret installation. Please run: `pip install cuml` to install.
2025-05-08 21:50:07,219:WARNING:
'cuml' is a soft dependency and not included in the pycaret installation. Please run: `pip install cuml` to install.
2025-05-08 21:50:07,219:WARNING:
'cuml' is a soft dependency and not included in the pycaret installation. Please run: `pip install cuml` to install.
2025-05-08 21:50:07,219:WARNING:
'cuml' is a soft dependency and not included in the pycaret installation. Please run: `pip install cuml` to install.
2025-05-08 21:50:08,052:INFO:PyCaret ClusteringExperiment
2025-05-08 21:50:08,052:INFO:Logging name: cluster-default-name
2025-05-08 21:50:08,052:INFO:ML Usecase: MLUsecase.CLUSTERING
2025-05-08 21:50:08,052:INFO:version 3.3.2
2025-05-08 21:50:08,052:INFO:Initializing setup()
2025-05-08 21:50:08,052:INFO:self.USI: 9aed
2025-05-08 21:50:08,053:INFO:self._variable_keys: {'logging_param', 'log_plots_param', 'idx', 'gpu_param', 'pipeline', 'exp_name_log', '_available_plots', 'X', 'USI', 'seed', 'html_param', '_ml_usecase', 'memory', 'exp_id', 'gpu_n_jobs_param', 'n_jobs_param', 'data'}
2025-05-08 21:50:08,053:INFO:Checking environment
2025-05-08 21:50:08,053:INFO:python_version: 3.9.12
2025-05-08 21:50:08,053:INFO:python_build: ('tags/v3.9.12:b28265d', 'Mar 23 2022 23:52:46')
2025-05-08 21:50:08,053:INFO:machine: AMD64
2025-05-08 21:50:08,063:INFO:platform: Windows-10-10.0.26100-SP0
2025-05-08 21:50:08,066:INFO:Memory: svmem(total=8435163136, available=979746816, percent=88.4, used=7455416320, free=979746816)
2025-05-08 21:50:08,066:INFO:Physical Core: 4
2025-05-08 21:50:08,066:INFO:Logical Core: 8
2025-05-08 21:50:08,067:INFO:Checking libraries
2025-05-08 21:50:08,067:INFO:System:
2025-05-08 21:50:08,067:INFO:    python: 3.9.12 (tags/v3.9.12:b28265d, Mar 23 2022, 23:52:46) [MSC v.1929 64 bit (AMD64)]
2025-05-08 21:50:08,067:INFO:executable: C:\Users\kambl\AppData\Local\Programs\Python\Python39\python.exe
2025-05-08 21:50:08,067:INFO:   machine: Windows-10-10.0.26100-SP0
2025-05-08 21:50:08,067:INFO:PyCaret required dependencies:
2025-05-08 21:50:08,225:INFO:                 pip: 24.2
2025-05-08 21:50:08,225:INFO:          setuptools: 58.1.0
2025-05-08 21:50:08,225:INFO:             pycaret: 3.3.2
2025-05-08 21:50:08,225:INFO:             IPython: 8.18.1
2025-05-08 21:50:08,226:INFO:          ipywidgets: 8.1.2
2025-05-08 21:50:08,226:INFO:                tqdm: 4.66.2
2025-05-08 21:50:08,226:INFO:               numpy: 1.26.4
2025-05-08 21:50:08,226:INFO:              pandas: 2.1.4
2025-05-08 21:50:08,226:INFO:              jinja2: 3.1.3
2025-05-08 21:50:08,226:INFO:               scipy: 1.11.4
2025-05-08 21:50:08,226:INFO:              joblib: 1.3.2
2025-05-08 21:50:08,226:INFO:             sklearn: 1.4.2
2025-05-08 21:50:08,226:INFO:                pyod: 2.0.5
2025-05-08 21:50:08,226:INFO:            imblearn: 0.12.4
2025-05-08 21:50:08,226:INFO:   category_encoders: 2.6.4
2025-05-08 21:50:08,226:INFO:            lightgbm: 4.6.0
2025-05-08 21:50:08,226:INFO:               numba: 0.60.0
2025-05-08 21:50:08,226:INFO:            requests: 2.31.0
2025-05-08 21:50:08,226:INFO:          matplotlib: 3.7.5
2025-05-08 21:50:08,226:INFO:          scikitplot: 0.3.7
2025-05-08 21:50:08,226:INFO:         yellowbrick: 1.5
2025-05-08 21:50:08,226:INFO:              plotly: 5.20.0
2025-05-08 21:50:08,226:INFO:    plotly-resampler: Not installed
2025-05-08 21:50:08,226:INFO:             kaleido: 0.2.1
2025-05-08 21:50:08,226:INFO:           schemdraw: 0.15
2025-05-08 21:50:08,226:INFO:         statsmodels: 0.14.4
2025-05-08 21:50:08,226:INFO:              sktime: 0.26.0
2025-05-08 21:50:08,227:INFO:               tbats: 1.1.3
2025-05-08 21:50:08,227:INFO:            pmdarima: 2.0.4
2025-05-08 21:50:08,227:INFO:              psutil: 5.9.8
2025-05-08 21:50:08,227:INFO:          markupsafe: 2.1.5
2025-05-08 21:50:08,227:INFO:             pickle5: Not installed
2025-05-08 21:50:08,227:INFO:         cloudpickle: 3.1.1
2025-05-08 21:50:08,227:INFO:         deprecation: 2.1.0
2025-05-08 21:50:08,227:INFO:              xxhash: 3.5.0
2025-05-08 21:50:08,227:INFO:           wurlitzer: Not installed
2025-05-08 21:50:08,227:INFO:PyCaret optional dependencies:
2025-05-08 21:50:08,429:INFO:                shap: Not installed
2025-05-08 21:50:08,429:INFO:           interpret: Not installed
2025-05-08 21:50:08,429:INFO:                umap: Not installed
2025-05-08 21:50:08,429:INFO:     ydata_profiling: Not installed
2025-05-08 21:50:08,429:INFO:  explainerdashboard: Not installed
2025-05-08 21:50:08,429:INFO:             autoviz: Not installed
2025-05-08 21:50:08,429:INFO:           fairlearn: Not installed
2025-05-08 21:50:08,429:INFO:          deepchecks: Not installed
2025-05-08 21:50:08,429:INFO:             xgboost: 2.1.4
2025-05-08 21:50:08,429:INFO:            catboost: Not installed
2025-05-08 21:50:08,429:INFO:              kmodes: Not installed
2025-05-08 21:50:08,429:INFO:             mlxtend: Not installed
2025-05-08 21:50:08,429:INFO:       statsforecast: Not installed
2025-05-08 21:50:08,429:INFO:        tune_sklearn: Not installed
2025-05-08 21:50:08,429:INFO:                 ray: Not installed
2025-05-08 21:50:08,430:INFO:            hyperopt: Not installed
2025-05-08 21:50:08,430:INFO:              optuna: Not installed
2025-05-08 21:50:08,430:INFO:               skopt: Not installed
2025-05-08 21:50:08,430:INFO:              mlflow: Not installed
2025-05-08 21:50:08,430:INFO:              gradio: Not installed
2025-05-08 21:50:08,430:INFO:             fastapi: Not installed
2025-05-08 21:50:08,430:INFO:             uvicorn: Not installed
2025-05-08 21:50:08,430:INFO:              m2cgen: Not installed
2025-05-08 21:50:08,430:INFO:           evidently: Not installed
2025-05-08 21:50:08,430:INFO:               fugue: Not installed
2025-05-08 21:50:08,430:INFO:           streamlit: 1.35.0
2025-05-08 21:50:08,430:INFO:             prophet: Not installed
2025-05-08 21:50:08,430:INFO:None
2025-05-08 21:50:08,430:INFO:Set up data.
2025-05-08 21:50:08,456:INFO:Set up index.
2025-05-08 21:50:08,456:INFO:Assigning column types.
2025-05-08 21:50:08,464:INFO:Engine successfully changes for model 'kmeans' to 'sklearn'.
2025-05-08 21:50:08,464:INFO:Engine for model 'dbscan' has not been set explicitly, hence returning None.
2025-05-08 21:50:08,464:WARNING:
'kmodes' is a soft dependency and not included in the pycaret installation. Please run: `pip install kmodes` to install.
Alternately, you can install this by running `pip install pycaret[models]`
2025-05-08 21:50:08,465:INFO:Engine for model 'dbscan' has not been set explicitly, hence returning None.
2025-05-08 21:50:08,465:WARNING:
'kmodes' is a soft dependency and not included in the pycaret installation. Please run: `pip install kmodes` to install.
Alternately, you can install this by running `pip install pycaret[models]`
2025-05-08 21:50:08,465:INFO:Engine successfully changes for model 'dbscan' to 'sklearn'.
2025-05-08 21:50:08,465:WARNING:
'kmodes' is a soft dependency and not included in the pycaret installation. Please run: `pip install kmodes` to install.
Alternately, you can install this by running `pip install pycaret[models]`
2025-05-08 21:50:08,465:WARNING:
'kmodes' is a soft dependency and not included in the pycaret installation. Please run: `pip install kmodes` to install.
Alternately, you can install this by running `pip install pycaret[models]`
2025-05-08 21:50:08,467:INFO:Preparing preprocessing pipeline...
2025-05-08 21:50:08,467:INFO:Set up simple imputation.
2025-05-08 21:50:08,491:INFO:Finished creating preprocessing pipeline.
2025-05-08 21:50:08,496:INFO:Pipeline: Pipeline(memory=FastMemory(location=C:\Users\kambl\AppData\Local\Temp\joblib),
         steps=[('numerical_imputer',
                 TransformerWrapper(include=['2000', '2001', '2002', '2003',
                                             '2004', '2005', '2006', '2007',
                                             '2008', '2009', '2010', '2011',
                                             '2012', '2013', '2014', '2015',
                                             '2016', '2017'],
                                    transformer=SimpleImputer())),
                ('categorical_imputer',
                 TransformerWrapper(include=[],
                                    transformer=SimpleImputer(strategy='most_frequent')))])
2025-05-08 21:50:08,497:INFO:Creating final display dataframe.
2025-05-08 21:50:08,519:INFO:Setup _display_container:                Description                 Value
0               Session id                   123
1      Original data shape             (190, 19)
2   Transformed data shape             (190, 18)
3          Ignore features                     1
4         Numeric features                    18
5               Preprocess                  True
6          Imputation type                simple
7       Numeric imputation                  mean
8   Categorical imputation                  mode
9                 CPU Jobs                    -1
10                 Use GPU                 False
11          Log Experiment                 False
12         Experiment Name  cluster-default-name
13                     USI                  9aed
2025-05-08 21:50:08,522:WARNING:
'kmodes' is a soft dependency and not included in the pycaret installation. Please run: `pip install kmodes` to install.
Alternately, you can install this by running `pip install pycaret[models]`
2025-05-08 21:50:08,522:WARNING:
'kmodes' is a soft dependency and not included in the pycaret installation. Please run: `pip install kmodes` to install.
Alternately, you can install this by running `pip install pycaret[models]`
2025-05-08 21:50:08,523:INFO:setup() successfully completed in 0.48s...............
2025-05-08 21:50:55,656:WARNING:
'cuml' is a soft dependency and not included in the pycaret installation. Please run: `pip install cuml` to install.
2025-05-08 21:50:55,656:WARNING:
'cuml' is a soft dependency and not included in the pycaret installation. Please run: `pip install cuml` to install.
2025-05-08 21:50:55,656:WARNING:
'cuml' is a soft dependency and not included in the pycaret installation. Please run: `pip install cuml` to install.
2025-05-08 21:50:55,656:WARNING:
'cuml' is a soft dependency and not included in the pycaret installation. Please run: `pip install cuml` to install.
2025-05-08 21:50:56,516:INFO:PyCaret ClusteringExperiment
2025-05-08 21:50:56,516:INFO:Logging name: cluster-default-name
2025-05-08 21:50:56,516:INFO:ML Usecase: MLUsecase.CLUSTERING
2025-05-08 21:50:56,516:INFO:version 3.3.2
2025-05-08 21:50:56,516:INFO:Initializing setup()
2025-05-08 21:50:56,517:INFO:self.USI: a61c
2025-05-08 21:50:56,517:INFO:self._variable_keys: {'_available_plots', '_ml_usecase', 'idx', 'log_plots_param', 'exp_name_log', 'USI', 'gpu_param', 'exp_id', 'logging_param', 'seed', 'data', 'n_jobs_param', 'gpu_n_jobs_param', 'pipeline', 'memory', 'html_param', 'X'}
2025-05-08 21:50:56,517:INFO:Checking environment
2025-05-08 21:50:56,517:INFO:python_version: 3.9.12
2025-05-08 21:50:56,517:INFO:python_build: ('tags/v3.9.12:b28265d', 'Mar 23 2022 23:52:46')
2025-05-08 21:50:56,517:INFO:machine: AMD64
2025-05-08 21:50:56,526:INFO:platform: Windows-10-10.0.26100-SP0
2025-05-08 21:50:56,529:INFO:Memory: svmem(total=8435163136, available=1215705088, percent=85.6, used=7219458048, free=1215705088)
2025-05-08 21:50:56,529:INFO:Physical Core: 4
2025-05-08 21:50:56,529:INFO:Logical Core: 8
2025-05-08 21:50:56,529:INFO:Checking libraries
2025-05-08 21:50:56,530:INFO:System:
2025-05-08 21:50:56,530:INFO:    python: 3.9.12 (tags/v3.9.12:b28265d, Mar 23 2022, 23:52:46) [MSC v.1929 64 bit (AMD64)]
2025-05-08 21:50:56,530:INFO:executable: C:\Users\kambl\AppData\Local\Programs\Python\Python39\python.exe
2025-05-08 21:50:56,530:INFO:   machine: Windows-10-10.0.26100-SP0
2025-05-08 21:50:56,530:INFO:PyCaret required dependencies:
2025-05-08 21:50:56,584:INFO:                 pip: 24.2
2025-05-08 21:50:56,584:INFO:          setuptools: 58.1.0
2025-05-08 21:50:56,584:INFO:             pycaret: 3.3.2
2025-05-08 21:50:56,584:INFO:             IPython: 8.18.1
2025-05-08 21:50:56,584:INFO:          ipywidgets: 8.1.2
2025-05-08 21:50:56,584:INFO:                tqdm: 4.66.2
2025-05-08 21:50:56,584:INFO:               numpy: 1.26.4
2025-05-08 21:50:56,584:INFO:              pandas: 2.1.4
2025-05-08 21:50:56,584:INFO:              jinja2: 3.1.3
2025-05-08 21:50:56,584:INFO:               scipy: 1.11.4
2025-05-08 21:50:56,584:INFO:              joblib: 1.3.2
2025-05-08 21:50:56,584:INFO:             sklearn: 1.4.2
2025-05-08 21:50:56,584:INFO:                pyod: 2.0.5
2025-05-08 21:50:56,584:INFO:            imblearn: 0.12.4
2025-05-08 21:50:56,584:INFO:   category_encoders: 2.6.4
2025-05-08 21:50:56,584:INFO:            lightgbm: 4.6.0
2025-05-08 21:50:56,584:INFO:               numba: 0.60.0
2025-05-08 21:50:56,584:INFO:            requests: 2.31.0
2025-05-08 21:50:56,584:INFO:          matplotlib: 3.7.5
2025-05-08 21:50:56,584:INFO:          scikitplot: 0.3.7
2025-05-08 21:50:56,584:INFO:         yellowbrick: 1.5
2025-05-08 21:50:56,584:INFO:              plotly: 5.20.0
2025-05-08 21:50:56,584:INFO:    plotly-resampler: Not installed
2025-05-08 21:50:56,585:INFO:             kaleido: 0.2.1
2025-05-08 21:50:56,585:INFO:           schemdraw: 0.15
2025-05-08 21:50:56,585:INFO:         statsmodels: 0.14.4
2025-05-08 21:50:56,585:INFO:              sktime: 0.26.0
2025-05-08 21:50:56,585:INFO:               tbats: 1.1.3
2025-05-08 21:50:56,585:INFO:            pmdarima: 2.0.4
2025-05-08 21:50:56,585:INFO:              psutil: 5.9.8
2025-05-08 21:50:56,585:INFO:          markupsafe: 2.1.5
2025-05-08 21:50:56,585:INFO:             pickle5: Not installed
2025-05-08 21:50:56,585:INFO:         cloudpickle: 3.1.1
2025-05-08 21:50:56,585:INFO:         deprecation: 2.1.0
2025-05-08 21:50:56,585:INFO:              xxhash: 3.5.0
2025-05-08 21:50:56,585:INFO:           wurlitzer: Not installed
2025-05-08 21:50:56,585:INFO:PyCaret optional dependencies:
2025-05-08 21:50:56,625:INFO:                shap: Not installed
2025-05-08 21:50:56,625:INFO:           interpret: Not installed
2025-05-08 21:50:56,625:INFO:                umap: Not installed
2025-05-08 21:50:56,625:INFO:     ydata_profiling: Not installed
2025-05-08 21:50:56,625:INFO:  explainerdashboard: Not installed
2025-05-08 21:50:56,625:INFO:             autoviz: Not installed
2025-05-08 21:50:56,625:INFO:           fairlearn: Not installed
2025-05-08 21:50:56,625:INFO:          deepchecks: Not installed
2025-05-08 21:50:56,625:INFO:             xgboost: 2.1.4
2025-05-08 21:50:56,625:INFO:            catboost: Not installed
2025-05-08 21:50:56,625:INFO:              kmodes: Not installed
2025-05-08 21:50:56,625:INFO:             mlxtend: Not installed
2025-05-08 21:50:56,625:INFO:       statsforecast: Not installed
2025-05-08 21:50:56,626:INFO:        tune_sklearn: Not installed
2025-05-08 21:50:56,626:INFO:                 ray: Not installed
2025-05-08 21:50:56,626:INFO:            hyperopt: Not installed
2025-05-08 21:50:56,626:INFO:              optuna: Not installed
2025-05-08 21:50:56,626:INFO:               skopt: Not installed
2025-05-08 21:50:56,626:INFO:              mlflow: Not installed
2025-05-08 21:50:56,626:INFO:              gradio: Not installed
2025-05-08 21:50:56,626:INFO:             fastapi: Not installed
2025-05-08 21:50:56,626:INFO:             uvicorn: Not installed
2025-05-08 21:50:56,626:INFO:              m2cgen: Not installed
2025-05-08 21:50:56,626:INFO:           evidently: Not installed
2025-05-08 21:50:56,626:INFO:               fugue: Not installed
2025-05-08 21:50:56,626:INFO:           streamlit: 1.35.0
2025-05-08 21:50:56,626:INFO:             prophet: Not installed
2025-05-08 21:50:56,626:INFO:None
2025-05-08 21:50:56,626:INFO:Set up data.
2025-05-08 21:50:56,632:INFO:Set up index.
2025-05-08 21:50:56,632:INFO:Assigning column types.
2025-05-08 21:50:56,636:INFO:Engine successfully changes for model 'kmeans' to 'sklearn'.
2025-05-08 21:50:56,636:INFO:Engine for model 'dbscan' has not been set explicitly, hence returning None.
2025-05-08 21:50:56,636:WARNING:
'kmodes' is a soft dependency and not included in the pycaret installation. Please run: `pip install kmodes` to install.
Alternately, you can install this by running `pip install pycaret[models]`
2025-05-08 21:50:56,636:INFO:Engine for model 'dbscan' has not been set explicitly, hence returning None.
2025-05-08 21:50:56,636:WARNING:
'kmodes' is a soft dependency and not included in the pycaret installation. Please run: `pip install kmodes` to install.
Alternately, you can install this by running `pip install pycaret[models]`
2025-05-08 21:50:56,636:INFO:Engine successfully changes for model 'dbscan' to 'sklearn'.
2025-05-08 21:50:56,636:WARNING:
'kmodes' is a soft dependency and not included in the pycaret installation. Please run: `pip install kmodes` to install.
Alternately, you can install this by running `pip install pycaret[models]`
2025-05-08 21:50:56,637:WARNING:
'kmodes' is a soft dependency and not included in the pycaret installation. Please run: `pip install kmodes` to install.
Alternately, you can install this by running `pip install pycaret[models]`
2025-05-08 21:50:56,638:INFO:Preparing preprocessing pipeline...
2025-05-08 21:50:56,638:INFO:Set up simple imputation.
2025-05-08 21:50:56,658:INFO:Finished creating preprocessing pipeline.
2025-05-08 21:50:56,663:INFO:Pipeline: Pipeline(memory=FastMemory(location=C:\Users\kambl\AppData\Local\Temp\joblib),
         steps=[('numerical_imputer',
                 TransformerWrapper(include=['2000', '2001', '2002', '2003',
                                             '2004', '2005', '2006', '2007',
                                             '2008', '2009', '2010', '2011',
                                             '2012', '2013', '2014', '2015',
                                             '2016', '2017'],
                                    transformer=SimpleImputer())),
                ('categorical_imputer',
                 TransformerWrapper(include=[],
                                    transformer=SimpleImputer(strategy='most_frequent')))])
2025-05-08 21:50:56,663:INFO:Creating final display dataframe.
2025-05-08 21:50:56,683:INFO:Setup _display_container:                Description                 Value
0               Session id                   123
1      Original data shape             (190, 19)
2   Transformed data shape             (190, 18)
3          Ignore features                     1
4         Numeric features                    18
5               Preprocess                  True
6          Imputation type                simple
7       Numeric imputation                  mean
8   Categorical imputation                  mode
9                 CPU Jobs                    -1
10                 Use GPU                 False
11          Log Experiment                 False
12         Experiment Name  cluster-default-name
13                     USI                  a61c
2025-05-08 21:50:56,687:WARNING:
'kmodes' is a soft dependency and not included in the pycaret installation. Please run: `pip install kmodes` to install.
Alternately, you can install this by running `pip install pycaret[models]`
2025-05-08 21:50:56,687:WARNING:
'kmodes' is a soft dependency and not included in the pycaret installation. Please run: `pip install kmodes` to install.
Alternately, you can install this by running `pip install pycaret[models]`
2025-05-08 21:50:56,687:INFO:setup() successfully completed in 0.17s...............
2025-05-08 21:50:56,687:INFO:Initializing create_model()
2025-05-08 21:50:56,688:INFO:create_model(self=<pycaret.clustering.oop.ClusteringExperiment object at 0x00000179E053E820>, estimator=kmeans, num_clusters=5, fraction=0.05, ground_truth=None, round=4, fit_kwargs=None, experiment_custom_tags=None, verbose=True, system=True, add_to_model_list=True, raise_num_clusters=False, display=None, kwargs={})
2025-05-08 21:50:56,688:INFO:Checking exceptions
2025-05-08 21:50:56,711:INFO:Importing untrained model
2025-05-08 21:50:56,711:INFO:K-Means Clustering Imported successfully
2025-05-08 21:50:56,712:INFO:Fitting Model
2025-05-08 21:50:57,015:INFO:KMeans(n_clusters=5, random_state=123)
2025-05-08 21:50:57,015:INFO:create_models() successfully completed......................................
2025-05-08 21:50:57,015:INFO:Uploading results into container
2025-05-08 21:50:57,016:INFO:Uploading model into container now
2025-05-08 21:50:57,025:INFO:_master_model_container: 1
2025-05-08 21:50:57,025:INFO:_display_container: 2
2025-05-08 21:50:57,025:INFO:KMeans(n_clusters=5, random_state=123)
2025-05-08 21:50:57,025:INFO:create_model() successfully completed......................................
2025-05-08 21:50:57,088:INFO:Initializing assign_model()
2025-05-08 21:50:57,088:INFO:assign_model(self=<pycaret.clustering.oop.ClusteringExperiment object at 0x00000179E053E820>, model=KMeans(n_clusters=5, random_state=123), transformation=False, score=True, verbose=True)
2025-05-08 21:50:57,088:INFO:Checking exceptions
2025-05-08 21:50:57,088:INFO:Determining Trained Model
2025-05-08 21:50:57,088:INFO:Trained Model : K-Means Clustering
2025-05-08 21:50:57,088:INFO:Copying data
2025-05-08 21:50:57,090:INFO:(190, 19)
2025-05-08 21:50:57,090:INFO:assign_model() successfully completed......................................
2025-05-08 21:56:21,950:WARNING:
'cuml' is a soft dependency and not included in the pycaret installation. Please run: `pip install cuml` to install.
2025-05-08 21:56:21,951:WARNING:
'cuml' is a soft dependency and not included in the pycaret installation. Please run: `pip install cuml` to install.
2025-05-08 21:56:21,951:WARNING:
'cuml' is a soft dependency and not included in the pycaret installation. Please run: `pip install cuml` to install.
2025-05-08 21:56:21,951:WARNING:
'cuml' is a soft dependency and not included in the pycaret installation. Please run: `pip install cuml` to install.
2025-05-08 21:56:23,077:INFO:PyCaret ClusteringExperiment
2025-05-08 21:56:23,077:INFO:Logging name: cluster-default-name
2025-05-08 21:56:23,077:INFO:ML Usecase: MLUsecase.CLUSTERING
2025-05-08 21:56:23,077:INFO:version 3.3.2
2025-05-08 21:56:23,077:INFO:Initializing setup()
2025-05-08 21:56:23,077:INFO:self.USI: 072c
2025-05-08 21:56:23,077:INFO:self._variable_keys: {'X', 'n_jobs_param', '_ml_usecase', 'idx', 'pipeline', 'exp_name_log', 'data', 'html_param', 'USI', 'exp_id', 'seed', 'memory', '_available_plots', 'gpu_n_jobs_param', 'gpu_param', 'log_plots_param', 'logging_param'}
2025-05-08 21:56:23,078:INFO:Checking environment
2025-05-08 21:56:23,078:INFO:python_version: 3.9.12
2025-05-08 21:56:23,078:INFO:python_build: ('tags/v3.9.12:b28265d', 'Mar 23 2022 23:52:46')
2025-05-08 21:56:23,078:INFO:machine: AMD64
2025-05-08 21:56:23,087:INFO:platform: Windows-10-10.0.26100-SP0
2025-05-08 21:56:23,091:INFO:Memory: svmem(total=8435163136, available=1072799744, percent=87.3, used=7362363392, free=1072799744)
2025-05-08 21:56:23,091:INFO:Physical Core: 4
2025-05-08 21:56:23,091:INFO:Logical Core: 8
2025-05-08 21:56:23,091:INFO:Checking libraries
2025-05-08 21:56:23,091:INFO:System:
2025-05-08 21:56:23,091:INFO:    python: 3.9.12 (tags/v3.9.12:b28265d, Mar 23 2022, 23:52:46) [MSC v.1929 64 bit (AMD64)]
2025-05-08 21:56:23,091:INFO:executable: C:\Users\kambl\AppData\Local\Programs\Python\Python39\python.exe
2025-05-08 21:56:23,091:INFO:   machine: Windows-10-10.0.26100-SP0
2025-05-08 21:56:23,091:INFO:PyCaret required dependencies:
2025-05-08 21:56:23,177:INFO:                 pip: 24.2
2025-05-08 21:56:23,177:INFO:          setuptools: 58.1.0
2025-05-08 21:56:23,177:INFO:             pycaret: 3.3.2
2025-05-08 21:56:23,177:INFO:             IPython: 8.18.1
2025-05-08 21:56:23,177:INFO:          ipywidgets: 8.1.2
2025-05-08 21:56:23,177:INFO:                tqdm: 4.66.2
2025-05-08 21:56:23,177:INFO:               numpy: 1.26.4
2025-05-08 21:56:23,177:INFO:              pandas: 2.1.4
2025-05-08 21:56:23,178:INFO:              jinja2: 3.1.3
2025-05-08 21:56:23,178:INFO:               scipy: 1.11.4
2025-05-08 21:56:23,178:INFO:              joblib: 1.3.2
2025-05-08 21:56:23,178:INFO:             sklearn: 1.4.2
2025-05-08 21:56:23,178:INFO:                pyod: 2.0.5
2025-05-08 21:56:23,178:INFO:            imblearn: 0.12.4
2025-05-08 21:56:23,178:INFO:   category_encoders: 2.6.4
2025-05-08 21:56:23,178:INFO:            lightgbm: 4.6.0
2025-05-08 21:56:23,178:INFO:               numba: 0.60.0
2025-05-08 21:56:23,178:INFO:            requests: 2.31.0
2025-05-08 21:56:23,178:INFO:          matplotlib: 3.7.5
2025-05-08 21:56:23,178:INFO:          scikitplot: 0.3.7
2025-05-08 21:56:23,178:INFO:         yellowbrick: 1.5
2025-05-08 21:56:23,178:INFO:              plotly: 5.20.0
2025-05-08 21:56:23,178:INFO:    plotly-resampler: Not installed
2025-05-08 21:56:23,178:INFO:             kaleido: 0.2.1
2025-05-08 21:56:23,178:INFO:           schemdraw: 0.15
2025-05-08 21:56:23,178:INFO:         statsmodels: 0.14.4
2025-05-08 21:56:23,178:INFO:              sktime: 0.26.0
2025-05-08 21:56:23,178:INFO:               tbats: 1.1.3
2025-05-08 21:56:23,178:INFO:            pmdarima: 2.0.4
2025-05-08 21:56:23,178:INFO:              psutil: 5.9.8
2025-05-08 21:56:23,178:INFO:          markupsafe: 2.1.5
2025-05-08 21:56:23,178:INFO:             pickle5: Not installed
2025-05-08 21:56:23,178:INFO:         cloudpickle: 3.1.1
2025-05-08 21:56:23,179:INFO:         deprecation: 2.1.0
2025-05-08 21:56:23,179:INFO:              xxhash: 3.5.0
2025-05-08 21:56:23,179:INFO:           wurlitzer: Not installed
2025-05-08 21:56:23,179:INFO:PyCaret optional dependencies:
2025-05-08 21:56:23,258:INFO:                shap: Not installed
2025-05-08 21:56:23,258:INFO:           interpret: Not installed
2025-05-08 21:56:23,258:INFO:                umap: Not installed
2025-05-08 21:56:23,258:INFO:     ydata_profiling: Not installed
2025-05-08 21:56:23,258:INFO:  explainerdashboard: Not installed
2025-05-08 21:56:23,258:INFO:             autoviz: Not installed
2025-05-08 21:56:23,258:INFO:           fairlearn: Not installed
2025-05-08 21:56:23,258:INFO:          deepchecks: Not installed
2025-05-08 21:56:23,258:INFO:             xgboost: 2.1.4
2025-05-08 21:56:23,258:INFO:            catboost: Not installed
2025-05-08 21:56:23,258:INFO:              kmodes: Not installed
2025-05-08 21:56:23,258:INFO:             mlxtend: Not installed
2025-05-08 21:56:23,258:INFO:       statsforecast: Not installed
2025-05-08 21:56:23,258:INFO:        tune_sklearn: Not installed
2025-05-08 21:56:23,259:INFO:                 ray: Not installed
2025-05-08 21:56:23,259:INFO:            hyperopt: Not installed
2025-05-08 21:56:23,259:INFO:              optuna: Not installed
2025-05-08 21:56:23,259:INFO:               skopt: Not installed
2025-05-08 21:56:23,259:INFO:              mlflow: Not installed
2025-05-08 21:56:23,259:INFO:              gradio: Not installed
2025-05-08 21:56:23,259:INFO:             fastapi: Not installed
2025-05-08 21:56:23,259:INFO:             uvicorn: Not installed
2025-05-08 21:56:23,259:INFO:              m2cgen: Not installed
2025-05-08 21:56:23,259:INFO:           evidently: Not installed
2025-05-08 21:56:23,259:INFO:               fugue: Not installed
2025-05-08 21:56:23,259:INFO:           streamlit: 1.35.0
2025-05-08 21:56:23,259:INFO:             prophet: Not installed
2025-05-08 21:56:23,259:INFO:None
2025-05-08 21:56:23,259:INFO:Set up data.
2025-05-08 21:56:23,270:INFO:Set up index.
2025-05-08 21:56:23,271:INFO:Assigning column types.
2025-05-08 21:56:23,275:INFO:Engine successfully changes for model 'kmeans' to 'sklearn'.
2025-05-08 21:56:23,275:INFO:Engine for model 'dbscan' has not been set explicitly, hence returning None.
2025-05-08 21:56:23,276:WARNING:
'kmodes' is a soft dependency and not included in the pycaret installation. Please run: `pip install kmodes` to install.
Alternately, you can install this by running `pip install pycaret[models]`
2025-05-08 21:56:23,276:INFO:Engine for model 'dbscan' has not been set explicitly, hence returning None.
2025-05-08 21:56:23,276:WARNING:
'kmodes' is a soft dependency and not included in the pycaret installation. Please run: `pip install kmodes` to install.
Alternately, you can install this by running `pip install pycaret[models]`
2025-05-08 21:56:23,276:INFO:Engine successfully changes for model 'dbscan' to 'sklearn'.
2025-05-08 21:56:23,276:WARNING:
'kmodes' is a soft dependency and not included in the pycaret installation. Please run: `pip install kmodes` to install.
Alternately, you can install this by running `pip install pycaret[models]`
2025-05-08 21:56:23,276:WARNING:
'kmodes' is a soft dependency and not included in the pycaret installation. Please run: `pip install kmodes` to install.
Alternately, you can install this by running `pip install pycaret[models]`
2025-05-08 21:56:23,278:INFO:Preparing preprocessing pipeline...
2025-05-08 21:56:23,278:INFO:Set up simple imputation.
2025-05-08 21:56:23,299:INFO:Finished creating preprocessing pipeline.
2025-05-08 21:56:23,303:INFO:Pipeline: Pipeline(memory=FastMemory(location=C:\Users\kambl\AppData\Local\Temp\joblib),
         steps=[('numerical_imputer',
                 TransformerWrapper(include=['2000', '2001', '2002', '2003',
                                             '2004', '2005', '2006', '2007',
                                             '2008', '2009', '2010', '2011',
                                             '2012', '2013', '2014', '2015',
                                             '2016', '2017'],
                                    transformer=SimpleImputer())),
                ('categorical_imputer',
                 TransformerWrapper(include=[],
                                    transformer=SimpleImputer(strategy='most_frequent')))])
2025-05-08 21:56:23,303:INFO:Creating final display dataframe.
2025-05-08 21:56:23,323:INFO:Setup _display_container:                Description                 Value
0               Session id                   123
1      Original data shape             (190, 19)
2   Transformed data shape             (190, 18)
3          Ignore features                     1
4         Numeric features                    18
5               Preprocess                  True
6          Imputation type                simple
7       Numeric imputation                  mean
8   Categorical imputation                  mode
9                 CPU Jobs                    -1
10                 Use GPU                 False
11          Log Experiment                 False
12         Experiment Name  cluster-default-name
13                     USI                  072c
2025-05-08 21:56:23,326:WARNING:
'kmodes' is a soft dependency and not included in the pycaret installation. Please run: `pip install kmodes` to install.
Alternately, you can install this by running `pip install pycaret[models]`
2025-05-08 21:56:23,327:WARNING:
'kmodes' is a soft dependency and not included in the pycaret installation. Please run: `pip install kmodes` to install.
Alternately, you can install this by running `pip install pycaret[models]`
2025-05-08 21:56:23,327:INFO:setup() successfully completed in 0.26s...............
2025-05-08 21:56:23,327:INFO:Initializing create_model()
2025-05-08 21:56:23,327:INFO:create_model(self=<pycaret.clustering.oop.ClusteringExperiment object at 0x00000209198D8340>, estimator=kmeans, num_clusters=5, fraction=0.05, ground_truth=None, round=4, fit_kwargs=None, experiment_custom_tags=None, verbose=True, system=True, add_to_model_list=True, raise_num_clusters=False, display=None, kwargs={})
2025-05-08 21:56:23,327:INFO:Checking exceptions
2025-05-08 21:56:23,347:INFO:Importing untrained model
2025-05-08 21:56:23,347:INFO:K-Means Clustering Imported successfully
2025-05-08 21:56:23,348:INFO:Fitting Model
2025-05-08 21:56:23,608:INFO:KMeans(n_clusters=5, random_state=123)
2025-05-08 21:56:23,608:INFO:create_models() successfully completed......................................
2025-05-08 21:56:23,608:INFO:Uploading results into container
2025-05-08 21:56:23,609:INFO:Uploading model into container now
2025-05-08 21:56:23,617:INFO:_master_model_container: 1
2025-05-08 21:56:23,617:INFO:_display_container: 2
2025-05-08 21:56:23,618:INFO:KMeans(n_clusters=5, random_state=123)
2025-05-08 21:56:23,618:INFO:create_model() successfully completed......................................
2025-05-08 21:56:23,678:INFO:Initializing assign_model()
2025-05-08 21:56:23,678:INFO:assign_model(self=<pycaret.clustering.oop.ClusteringExperiment object at 0x00000209198D8340>, model=KMeans(n_clusters=5, random_state=123), transformation=False, score=True, verbose=True)
2025-05-08 21:56:23,678:INFO:Checking exceptions
2025-05-08 21:56:23,678:INFO:Determining Trained Model
2025-05-08 21:56:23,678:INFO:Trained Model : K-Means Clustering
2025-05-08 21:56:23,678:INFO:Copying data
2025-05-08 21:56:23,680:INFO:(190, 19)
2025-05-08 21:56:23,680:INFO:assign_model() successfully completed......................................
2025-05-08 22:45:44,513:WARNING:
'cuml' is a soft dependency and not included in the pycaret installation. Please run: `pip install cuml` to install.
2025-05-08 22:45:44,514:WARNING:
'cuml' is a soft dependency and not included in the pycaret installation. Please run: `pip install cuml` to install.
2025-05-08 22:45:44,514:WARNING:
'cuml' is a soft dependency and not included in the pycaret installation. Please run: `pip install cuml` to install.
2025-05-08 22:45:44,514:WARNING:
'cuml' is a soft dependency and not included in the pycaret installation. Please run: `pip install cuml` to install.
2025-05-08 22:45:46,286:INFO:PyCaret ClusteringExperiment
2025-05-08 22:45:46,286:INFO:Logging name: cluster-default-name
2025-05-08 22:45:46,286:INFO:ML Usecase: MLUsecase.CLUSTERING
2025-05-08 22:45:46,286:INFO:version 3.3.2
2025-05-08 22:45:46,286:INFO:Initializing setup()
2025-05-08 22:45:46,286:INFO:self.USI: a28f
2025-05-08 22:45:46,286:INFO:self._variable_keys: {'html_param', 'logging_param', 'n_jobs_param', 'idx', 'exp_name_log', '_ml_usecase', 'pipeline', 'data', 'gpu_param', 'gpu_n_jobs_param', 'USI', 'memory', 'log_plots_param', 'X', '_available_plots', 'exp_id', 'seed'}
2025-05-08 22:45:46,286:INFO:Checking environment
2025-05-08 22:45:46,286:INFO:python_version: 3.9.12
2025-05-08 22:45:46,286:INFO:python_build: ('tags/v3.9.12:b28265d', 'Mar 23 2022 23:52:46')
2025-05-08 22:45:46,286:INFO:machine: AMD64
2025-05-08 22:45:46,296:INFO:platform: Windows-10-10.0.26100-SP0
2025-05-08 22:45:46,300:INFO:Memory: svmem(total=8435163136, available=1010409472, percent=88.0, used=7424753664, free=1010409472)
2025-05-08 22:45:46,300:INFO:Physical Core: 4
2025-05-08 22:45:46,300:INFO:Logical Core: 8
2025-05-08 22:45:46,300:INFO:Checking libraries
2025-05-08 22:45:46,300:INFO:System:
2025-05-08 22:45:46,300:INFO:    python: 3.9.12 (tags/v3.9.12:b28265d, Mar 23 2022, 23:52:46) [MSC v.1929 64 bit (AMD64)]
2025-05-08 22:45:46,300:INFO:executable: C:\Users\kambl\AppData\Local\Programs\Python\Python39\python.exe
2025-05-08 22:45:46,300:INFO:   machine: Windows-10-10.0.26100-SP0
2025-05-08 22:45:46,300:INFO:PyCaret required dependencies:
2025-05-08 22:45:46,400:INFO:                 pip: 24.2
2025-05-08 22:45:46,400:INFO:          setuptools: 58.1.0
2025-05-08 22:45:46,400:INFO:             pycaret: 3.3.2
2025-05-08 22:45:46,400:INFO:             IPython: 8.18.1
2025-05-08 22:45:46,400:INFO:          ipywidgets: 8.1.2
2025-05-08 22:45:46,400:INFO:                tqdm: 4.66.2
2025-05-08 22:45:46,400:INFO:               numpy: 1.26.4
2025-05-08 22:45:46,401:INFO:              pandas: 2.1.4
2025-05-08 22:45:46,401:INFO:              jinja2: 3.1.3
2025-05-08 22:45:46,401:INFO:               scipy: 1.11.4
2025-05-08 22:45:46,401:INFO:              joblib: 1.3.2
2025-05-08 22:45:46,401:INFO:             sklearn: 1.4.2
2025-05-08 22:45:46,401:INFO:                pyod: 2.0.5
2025-05-08 22:45:46,401:INFO:            imblearn: 0.12.4
2025-05-08 22:45:46,401:INFO:   category_encoders: 2.6.4
2025-05-08 22:45:46,401:INFO:            lightgbm: 4.6.0
2025-05-08 22:45:46,402:INFO:               numba: 0.60.0
2025-05-08 22:45:46,402:INFO:            requests: 2.31.0
2025-05-08 22:45:46,402:INFO:          matplotlib: 3.7.5
2025-05-08 22:45:46,402:INFO:          scikitplot: 0.3.7
2025-05-08 22:45:46,402:INFO:         yellowbrick: 1.5
2025-05-08 22:45:46,402:INFO:              plotly: 5.20.0
2025-05-08 22:45:46,402:INFO:    plotly-resampler: Not installed
2025-05-08 22:45:46,402:INFO:             kaleido: 0.2.1
2025-05-08 22:45:46,402:INFO:           schemdraw: 0.15
2025-05-08 22:45:46,402:INFO:         statsmodels: 0.14.4
2025-05-08 22:45:46,402:INFO:              sktime: 0.26.0
2025-05-08 22:45:46,402:INFO:               tbats: 1.1.3
2025-05-08 22:45:46,403:INFO:            pmdarima: 2.0.4
2025-05-08 22:45:46,403:INFO:              psutil: 5.9.8
2025-05-08 22:45:46,403:INFO:          markupsafe: 2.1.5
2025-05-08 22:45:46,403:INFO:             pickle5: Not installed
2025-05-08 22:45:46,403:INFO:         cloudpickle: 3.1.1
2025-05-08 22:45:46,403:INFO:         deprecation: 2.1.0
2025-05-08 22:45:46,403:INFO:              xxhash: 3.5.0
2025-05-08 22:45:46,403:INFO:           wurlitzer: Not installed
2025-05-08 22:45:46,403:INFO:PyCaret optional dependencies:
2025-05-08 22:45:46,554:INFO:                shap: Not installed
2025-05-08 22:45:46,554:INFO:           interpret: Not installed
2025-05-08 22:45:46,555:INFO:                umap: Not installed
2025-05-08 22:45:46,555:INFO:     ydata_profiling: Not installed
2025-05-08 22:45:46,555:INFO:  explainerdashboard: Not installed
2025-05-08 22:45:46,555:INFO:             autoviz: Not installed
2025-05-08 22:45:46,555:INFO:           fairlearn: Not installed
2025-05-08 22:45:46,555:INFO:          deepchecks: Not installed
2025-05-08 22:45:46,555:INFO:             xgboost: 2.1.4
2025-05-08 22:45:46,555:INFO:            catboost: Not installed
2025-05-08 22:45:46,555:INFO:              kmodes: Not installed
2025-05-08 22:45:46,555:INFO:             mlxtend: Not installed
2025-05-08 22:45:46,555:INFO:       statsforecast: Not installed
2025-05-08 22:45:46,555:INFO:        tune_sklearn: Not installed
2025-05-08 22:45:46,555:INFO:                 ray: Not installed
2025-05-08 22:45:46,555:INFO:            hyperopt: Not installed
2025-05-08 22:45:46,555:INFO:              optuna: Not installed
2025-05-08 22:45:46,555:INFO:               skopt: Not installed
2025-05-08 22:45:46,555:INFO:              mlflow: Not installed
2025-05-08 22:45:46,555:INFO:              gradio: Not installed
2025-05-08 22:45:46,555:INFO:             fastapi: Not installed
2025-05-08 22:45:46,555:INFO:             uvicorn: Not installed
2025-05-08 22:45:46,555:INFO:              m2cgen: Not installed
2025-05-08 22:45:46,556:INFO:           evidently: Not installed
2025-05-08 22:45:46,556:INFO:               fugue: Not installed
2025-05-08 22:45:46,556:INFO:           streamlit: 1.35.0
2025-05-08 22:45:46,556:INFO:             prophet: Not installed
2025-05-08 22:45:46,556:INFO:None
2025-05-08 22:45:46,556:INFO:Set up data.
2025-05-08 22:45:46,571:INFO:Set up index.
2025-05-08 22:45:46,571:INFO:Assigning column types.
2025-05-08 22:45:46,576:INFO:Engine successfully changes for model 'kmeans' to 'sklearn'.
2025-05-08 22:45:46,576:INFO:Engine for model 'dbscan' has not been set explicitly, hence returning None.
2025-05-08 22:45:46,576:WARNING:
'kmodes' is a soft dependency and not included in the pycaret installation. Please run: `pip install kmodes` to install.
Alternately, you can install this by running `pip install pycaret[models]`
2025-05-08 22:45:46,576:INFO:Engine for model 'dbscan' has not been set explicitly, hence returning None.
2025-05-08 22:45:46,576:WARNING:
'kmodes' is a soft dependency and not included in the pycaret installation. Please run: `pip install kmodes` to install.
Alternately, you can install this by running `pip install pycaret[models]`
2025-05-08 22:45:46,577:INFO:Engine successfully changes for model 'dbscan' to 'sklearn'.
2025-05-08 22:45:46,577:WARNING:
'kmodes' is a soft dependency and not included in the pycaret installation. Please run: `pip install kmodes` to install.
Alternately, you can install this by running `pip install pycaret[models]`
2025-05-08 22:45:46,577:WARNING:
'kmodes' is a soft dependency and not included in the pycaret installation. Please run: `pip install kmodes` to install.
Alternately, you can install this by running `pip install pycaret[models]`
2025-05-08 22:45:46,579:INFO:Preparing preprocessing pipeline...
2025-05-08 22:45:46,579:INFO:Set up simple imputation.
2025-05-08 22:45:46,608:INFO:Finished creating preprocessing pipeline.
2025-05-08 22:45:46,618:INFO:Pipeline: Pipeline(memory=FastMemory(location=C:\Users\kambl\AppData\Local\Temp\joblib),
         steps=[('numerical_imputer',
                 TransformerWrapper(include=['2000', '2001', '2002', '2003',
                                             '2004', '2005', '2006', '2007',
                                             '2008', '2009', '2010', '2011',
                                             '2012', '2013', '2014', '2015',
                                             '2016', '2017'],
                                    transformer=SimpleImputer())),
                ('categorical_imputer',
                 TransformerWrapper(include=[],
                                    transformer=SimpleImputer(strategy='most_frequent')))])
2025-05-08 22:45:46,618:INFO:Creating final display dataframe.
2025-05-08 22:45:46,653:INFO:Setup _display_container:                Description                 Value
0               Session id                   123
1      Original data shape             (190, 19)
2   Transformed data shape             (190, 18)
3          Ignore features                     1
4         Numeric features                    18
5               Preprocess                  True
6          Imputation type                simple
7       Numeric imputation                  mean
8   Categorical imputation                  mode
9                 CPU Jobs                    -1
10                 Use GPU                 False
11          Log Experiment                 False
12         Experiment Name  cluster-default-name
13                     USI                  a28f
2025-05-08 22:45:46,663:WARNING:
'kmodes' is a soft dependency and not included in the pycaret installation. Please run: `pip install kmodes` to install.
Alternately, you can install this by running `pip install pycaret[models]`
2025-05-08 22:45:46,663:WARNING:
'kmodes' is a soft dependency and not included in the pycaret installation. Please run: `pip install kmodes` to install.
Alternately, you can install this by running `pip install pycaret[models]`
2025-05-08 22:45:46,663:INFO:setup() successfully completed in 0.38s...............
2025-05-08 22:45:46,663:INFO:Initializing create_model()
2025-05-08 22:45:46,663:INFO:create_model(self=<pycaret.clustering.oop.ClusteringExperiment object at 0x000002C5C06E93A0>, estimator=kmeans, num_clusters=5, fraction=0.05, ground_truth=None, round=4, fit_kwargs=None, experiment_custom_tags=None, verbose=True, system=True, add_to_model_list=True, raise_num_clusters=False, display=None, kwargs={})
2025-05-08 22:45:46,663:INFO:Checking exceptions
2025-05-08 22:45:46,690:INFO:Importing untrained model
2025-05-08 22:45:46,690:INFO:K-Means Clustering Imported successfully
2025-05-08 22:45:46,691:INFO:Fitting Model
2025-05-08 22:45:47,106:INFO:KMeans(n_clusters=5, random_state=123)
2025-05-08 22:45:47,107:INFO:create_models() successfully completed......................................
2025-05-08 22:45:47,107:INFO:Uploading results into container
2025-05-08 22:45:47,108:INFO:Uploading model into container now
2025-05-08 22:45:47,123:INFO:_master_model_container: 1
2025-05-08 22:45:47,124:INFO:_display_container: 2
2025-05-08 22:45:47,124:INFO:KMeans(n_clusters=5, random_state=123)
2025-05-08 22:45:47,124:INFO:create_model() successfully completed......................................
2025-05-08 22:45:47,215:INFO:Initializing assign_model()
2025-05-08 22:45:47,216:INFO:assign_model(self=<pycaret.clustering.oop.ClusteringExperiment object at 0x000002C5C06E93A0>, model=KMeans(n_clusters=5, random_state=123), transformation=False, score=True, verbose=True)
2025-05-08 22:45:47,216:INFO:Checking exceptions
2025-05-08 22:45:47,216:INFO:Determining Trained Model
2025-05-08 22:45:47,216:INFO:Trained Model : K-Means Clustering
2025-05-08 22:45:47,216:INFO:Copying data
2025-05-08 22:45:47,218:INFO:(190, 19)
2025-05-08 22:45:47,218:INFO:assign_model() successfully completed......................................
